<?xml version="1.0" encoding="UTF-8"?>
<robot generator="Robot 3.2.1 (Python 3.7.2 on win32)" generated="20200627 14:54:11.383" rpa="false">
<suite id="s1" name="Unittests" source="C:\git\robotframework-calculator\robot_math\unittests">
<suite id="s1-s1" name="RF MATH SEJFTEST" source="C:\git\robotframework-calculator\robot_math\unittests\RF_MATH_SEJFTEST.robot">
<test id="s1-s1-t1" name="Packet test">
<kw name="packet">
<arguments>
<arg>10M==80m</arg>
</arguments>
<kw name="MATH_OPERATION">
<arguments>
<arg>${expression}</arg>
<arg>${expected}</arg>
</arguments>
<msg timestamp="20200627 14:54:11.438" level="FAIL">No keyword with name 'MATH_OPERATION' found.</msg>
<status status="FAIL" starttime="20200627 14:54:11.438" endtime="20200627 14:54:11.438"></status>
</kw>
<status status="FAIL" starttime="20200627 14:54:11.436" endtime="20200627 14:54:11.438"></status>
</kw>
<status status="FAIL" starttime="20200627 14:54:11.434" endtime="20200627 14:54:11.439" critical="yes">No keyword with name 'MATH_OPERATION' found.</status>
</test>
<doc>ROBOT_MATH self robot tests</doc>
<status status="FAIL" starttime="20200627 14:54:11.419" endtime="20200627 14:54:11.440"></status>
</suite>
<status status="FAIL" starttime="20200627 14:54:11.387" endtime="20200627 14:54:11.442"></status>
</suite>
<statistics>
<total>
<stat pass="0" fail="1">Critical Tests</stat>
<stat pass="0" fail="1">All Tests</stat>
</total>
<tag>
</tag>
<suite>
<stat pass="0" fail="1" id="s1" name="Unittests">Unittests</stat>
<stat pass="0" fail="1" id="s1-s1" name="RF MATH SEJFTEST">Unittests.RF MATH SEJFTEST</stat>
</suite>
</statistics>
<errors>
<msg timestamp="20200627 14:54:11.432" level="ERROR">Error in file 'C:\git\robotframework-calculator\robot_math\unittests\RF_MATH_SEJFTEST.robot' on line 3: Importing test library 'ROBOT_MATH' failed: ModuleNotFoundError: No module named 'robot_math'
Traceback (most recent call last):
  File "C:\git\robotframework-calculator\robot_math\ROBOT_MATH.py", line 7, in &lt;module&gt;
    from robot_math import __version__ as version
PYTHONPATH:
  C:\git\robotframework-calculator\robot_math
  C:\git\robotframework-calculator\robot_math\unittests
  c:\Python37\python37.zip
  c:\Python37\DLLs
  c:\Python37\lib
  c:\Python37
  C:\Users\doguz\AppData\Roaming\Python\Python37\site-packages
  c:\Python37\lib\site-packages
  c:\Python37\lib\site-packages\test_support_lib-0.0.0-py3.7.egg
  c:\Python37\lib\site-packages\airobot-1.1.2.2-py3.7.egg
  c:\Python37\lib\site-packages\robotframework_selenium2library-3.0.0-py3.7.egg
  c:\Python37\lib\site-packages\robotframework-3.2.1-py3.7.egg
  c:\Python37\lib\site-packages\robotframework_seleniumlibrary-4.4.0-py3.7.egg
  c:\Python37\lib\site-packages\selenium-4.0.0a6.post1-py3.7.egg
  c:\Python37\lib\site-packages\ipaddress-1.0.23-py3.7.egg
  c:\Python37\lib\site-packages\pyopenssl-19.1.0-py3.7.egg</msg>
</errors>
</robot>
